<?xml version="1.0" encoding="UTF-8"?>
<testsuites name="Data Driven Test Suite" time="78" tests="1" failures="2" errors="0">
   <testsuite name="Data Driven Test Suite" tests="1" failures="2" errors="0" time="78" timestamp="2017-10-10 17:56:42" hostname="fitim - LAPTOP-AK5DO7TK" id="Test Suites/Data Driven Test Suite">
      <properties>
         <property name="deviceName" value=""/>
         <property name="devicePlatform" value=""/>
         <property name="logFolder" value="C:\\Users\\fitim\\Desktop\\Katalon Studio\\DataDrivenTest-master\\Reports\\Data Driven Test Suite\\20171010_175634"/>
         <property name="logFiles" value="C:\\Users\\fitim\\Desktop\\Katalon Studio\\DataDrivenTest-master\\Reports\\Data Driven Test Suite\\20171010_175634\\execution0.log"/>
         <property name="attachments" value="C:\\Users\\fitim\\Desktop\\Katalon Studio\\DataDrivenTest-master\\Reports\\Data Driven Test Suite\\20171010_175634\\1507647433510.png, C:\\Users\\fitim\\Desktop\\Katalon Studio\\DataDrivenTest-master\\Reports\\Data Driven Test Suite\\20171010_175634\\1507647477676.png"/>
         <property name="hostName" value="fitim - LAPTOP-AK5DO7TK"/>
         <property name="os" value="Windows 10 64bit"/>
         <property name="katalonVersion" value="4.8.0.2"/>
         <property name="browser" value="Chrome 61.0.3163.100"/>
         <property name="hostAddress" value="192.168.0.11"/>
         <property name="sessionId" value="04a005f94afb97f4cc9ad1b8936939c8"/>
         <property name="seleniumVersion" value="2.53.0"/>
         <property name="proxyInformation" value="ProxyInformation{proxyOption=NO_PROXY, proxyServerType=, password=, proxyServerAddress=, proxyServerPort=0}"/>
         <property name="platform" value="Windows 10"/>
      </properties>
      <testcase name="Test Cases/Web Application/Data Driven Test case - Iteration 1" classname="Test Cases/Web Application/Data Driven Test case" status="FAILED">
         <failure type="FAILED" message="Test Cases/Web Application/Data Driven Test case FAILED because (of) com.kms.katalon.core.webui.exception.WebElementNotFoundException: Web element with id: 'Object Repository/Make Appointment Page/btn_Book Appointment' located by 'By.xpath: //*[@id = 'btn-book-appointment']' not found"/>
         <system-out><![CDATA[2017-10-10 17:56:43 - [TEST_CASE][FAILED] - Test Cases/Web Application/Data Driven Test case - Iteration 1: Test Cases/Web Application/Data Driven Test case FAILED because (of) com.kms.katalon.core.webui.exception.WebElementNotFoundException: Web element with id: 'Object Repository/Make Appointment Page/btn_Book Appointment' located by 'By.xpath: //*[@id = 'btn-book-appointment']' not found

2017-10-10 17:56:46 - [TEST_STEP][PASSED] - openBrowser: Browser is opened with url: ''

2017-10-10 17:56:54 - [MESSAGE][PASSED] - Browser is opened with url: ''

2017-10-10 17:56:54 - [TEST_STEP][PASSED] - navigateToUrl: Navigate to 'http://demoaut.katalon.com/profile.php#login' successfully

2017-10-10 17:56:58 - [MESSAGE][PASSED] - Navigate to 'http://demoaut.katalon.com/profile.php#login' successfully

2017-10-10 17:56:58 - [TEST_STEP][PASSED] - waitForPageLoad: Wait for page load successfully

2017-10-10 17:56:58 - [MESSAGE][PASSED] - Wait for page load successfully

2017-10-10 17:56:58 - [TEST_STEP][PASSED] - setText: Text 'admin' is set on object 'Object Repository/Login Page of Demo Application/input_username'

2017-10-10 17:56:59 - [MESSAGE][PASSED] - Text 'admin' is set on object 'Object Repository/Login Page of Demo Application/input_username'

2017-10-10 17:56:59 - [TEST_STEP][PASSED] - setText: Text 'abc123' is set on object 'Object Repository/Login Page of Demo Application/input_password'

2017-10-10 17:57:00 - [MESSAGE][PASSED] - Text 'abc123' is set on object 'Object Repository/Login Page of Demo Application/input_password'

2017-10-10 17:57:00 - [TEST_STEP][PASSED] - click: Object: 'Object Repository/Login Page of Demo Application/button_Login' is clicked on

2017-10-10 17:57:02 - [MESSAGE][PASSED] - Object: 'Object Repository/Login Page of Demo Application/button_Login' is clicked on

2017-10-10 17:57:02 - [TEST_STEP][FAILED] - verifyElementPresent: com.kms.katalon.core.webui.exception.WebElementNotFoundException: Web element with id: 'Object Repository/Make Appointment Page/btn_Book Appointment' located by 'By.xpath: //*[@id = 'btn-book-appointment']' not found

2017-10-10 17:57:14 - [MESSAGE][FAILED] - com.kms.katalon.core.webui.exception.WebElementNotFoundException: Web element with id: 'Object Repository/Make Appointment Page/btn_Book Appointment' located by 'By.xpath: //*[@id = 'btn-book-appointment']' not found
[[ATTACHMENT|C:\\Users\\fitim\\Desktop\\Katalon Studio\\DataDrivenTest-master\\Reports\\Data Driven Test Suite\\20171010_175634\\1507647433510.png]]

2017-10-10 17:57:14 - [TEST_STEP][PASSED] - closeBrowser: Browser is closed

2017-10-10 17:57:17 - [MESSAGE][PASSED] - Browser is closed]]></system-out>
         <system-err><![CDATA[2017-10-10 17:56:43 - [TEST_CASE][FAILED] - Test Cases/Web Application/Data Driven Test case - Iteration 1: Test Cases/Web Application/Data Driven Test case FAILED because (of) com.kms.katalon.core.webui.exception.WebElementNotFoundException: Web element with id: 'Object Repository/Make Appointment Page/btn_Book Appointment' located by 'By.xpath: //*[@id = 'btn-book-appointment']' not found]]></system-err>
      </testcase>
      <testcase name="Test Cases/Web Application/Data Driven Test case - Iteration 2" classname="Test Cases/Web Application/Data Driven Test case" status="PASSED">
         <system-out><![CDATA[2017-10-10 17:57:17 - [TEST_CASE][PASSED] - Test Cases/Web Application/Data Driven Test case - Iteration 2: Test Cases/Web Application/Data Driven Test case

2017-10-10 17:57:18 - [TEST_STEP][PASSED] - openBrowser: Browser is opened with url: ''

2017-10-10 17:57:21 - [MESSAGE][PASSED] - Browser is opened with url: ''

2017-10-10 17:57:21 - [TEST_STEP][PASSED] - navigateToUrl: Navigate to 'http://demoaut.katalon.com/profile.php#login' successfully

2017-10-10 17:57:24 - [MESSAGE][PASSED] - Navigate to 'http://demoaut.katalon.com/profile.php#login' successfully

2017-10-10 17:57:24 - [TEST_STEP][PASSED] - waitForPageLoad: Wait for page load successfully

2017-10-10 17:57:24 - [MESSAGE][PASSED] - Wait for page load successfully

2017-10-10 17:57:24 - [TEST_STEP][PASSED] - setText: Text 'John Doe' is set on object 'Object Repository/Login Page of Demo Application/input_username'

2017-10-10 17:57:25 - [MESSAGE][PASSED] - Text 'John Doe' is set on object 'Object Repository/Login Page of Demo Application/input_username'

2017-10-10 17:57:25 - [TEST_STEP][PASSED] - setText: Text 'ThisIsNotAPassword' is set on object 'Object Repository/Login Page of Demo Application/input_password'

2017-10-10 17:57:26 - [MESSAGE][PASSED] - Text 'ThisIsNotAPassword' is set on object 'Object Repository/Login Page of Demo Application/input_password'

2017-10-10 17:57:26 - [TEST_STEP][PASSED] - click: Object: 'Object Repository/Login Page of Demo Application/button_Login' is clicked on

2017-10-10 17:57:28 - [MESSAGE][PASSED] - Object: 'Object Repository/Login Page of Demo Application/button_Login' is clicked on

2017-10-10 17:57:28 - [TEST_STEP][PASSED] - verifyElementPresent: Object 'Object Repository/Make Appointment Page/btn_Book Appointment' is present

2017-10-10 17:57:28 - [MESSAGE][PASSED] - Object 'Object Repository/Make Appointment Page/btn_Book Appointment' is present

2017-10-10 17:57:28 - [TEST_STEP][PASSED] - closeBrowser: Browser is closed

2017-10-10 17:57:30 - [MESSAGE][PASSED] - Browser is closed]]></system-out>
         <system-err><![CDATA[]]></system-err>
      </testcase>
      <testcase name="Test Cases/Web Application/Data Driven Test case - Iteration 3" classname="Test Cases/Web Application/Data Driven Test case" status="FAILED">
         <failure type="FAILED" message="Test Cases/Web Application/Data Driven Test case FAILED because (of) com.kms.katalon.core.webui.exception.WebElementNotFoundException: Web element with id: 'Object Repository/Make Appointment Page/btn_Book Appointment' located by 'By.xpath: //*[@id = 'btn-book-appointment']' not found"/>
         <system-out><![CDATA[2017-10-10 17:57:30 - [TEST_CASE][FAILED] - Test Cases/Web Application/Data Driven Test case - Iteration 3: Test Cases/Web Application/Data Driven Test case FAILED because (of) com.kms.katalon.core.webui.exception.WebElementNotFoundException: Web element with id: 'Object Repository/Make Appointment Page/btn_Book Appointment' located by 'By.xpath: //*[@id = 'btn-book-appointment']' not found

2017-10-10 17:57:30 - [TEST_STEP][PASSED] - openBrowser: Browser is opened with url: ''

2017-10-10 17:57:34 - [MESSAGE][PASSED] - Browser is opened with url: ''

2017-10-10 17:57:34 - [TEST_STEP][PASSED] - navigateToUrl: Navigate to 'http://demoaut.katalon.com/profile.php#login' successfully

2017-10-10 17:57:43 - [MESSAGE][PASSED] - Navigate to 'http://demoaut.katalon.com/profile.php#login' successfully

2017-10-10 17:57:43 - [TEST_STEP][PASSED] - waitForPageLoad: Wait for page load successfully

2017-10-10 17:57:43 - [MESSAGE][PASSED] - Wait for page load successfully

2017-10-10 17:57:43 - [TEST_STEP][PASSED] - setText: Text 'tester' is set on object 'Object Repository/Login Page of Demo Application/input_username'

2017-10-10 17:57:44 - [MESSAGE][PASSED] - Text 'tester' is set on object 'Object Repository/Login Page of Demo Application/input_username'

2017-10-10 17:57:44 - [TEST_STEP][PASSED] - setText: Text 'qwerty' is set on object 'Object Repository/Login Page of Demo Application/input_password'

2017-10-10 17:57:45 - [MESSAGE][PASSED] - Text 'qwerty' is set on object 'Object Repository/Login Page of Demo Application/input_password'

2017-10-10 17:57:45 - [TEST_STEP][PASSED] - click: Object: 'Object Repository/Login Page of Demo Application/button_Login' is clicked on

2017-10-10 17:57:46 - [MESSAGE][PASSED] - Object: 'Object Repository/Login Page of Demo Application/button_Login' is clicked on

2017-10-10 17:57:46 - [TEST_STEP][FAILED] - verifyElementPresent: com.kms.katalon.core.webui.exception.WebElementNotFoundException: Web element with id: 'Object Repository/Make Appointment Page/btn_Book Appointment' located by 'By.xpath: //*[@id = 'btn-book-appointment']' not found

2017-10-10 17:57:58 - [MESSAGE][FAILED] - com.kms.katalon.core.webui.exception.WebElementNotFoundException: Web element with id: 'Object Repository/Make Appointment Page/btn_Book Appointment' located by 'By.xpath: //*[@id = 'btn-book-appointment']' not found
[[ATTACHMENT|C:\\Users\\fitim\\Desktop\\Katalon Studio\\DataDrivenTest-master\\Reports\\Data Driven Test Suite\\20171010_175634\\1507647477676.png]]

2017-10-10 17:57:58 - [TEST_STEP][PASSED] - closeBrowser: Browser is closed

2017-10-10 17:58:00 - [MESSAGE][PASSED] - Browser is closed]]></system-out>
         <system-err><![CDATA[2017-10-10 17:57:30 - [TEST_CASE][FAILED] - Test Cases/Web Application/Data Driven Test case - Iteration 3: Test Cases/Web Application/Data Driven Test case FAILED because (of) com.kms.katalon.core.webui.exception.WebElementNotFoundException: Web element with id: 'Object Repository/Make Appointment Page/btn_Book Appointment' located by 'By.xpath: //*[@id = 'btn-book-appointment']' not found]]></system-err>
      </testcase>
      <system-out><![CDATA[2017-10-10 17:56:42 - [TEST_SUITE][FAILED] - Data Driven Test Suite: Test Cases/Web Application/Data Driven Test case FAILED because (of) com.kms.katalon.core.webui.exception.WebElementNotFoundException: Web element with id: 'Object Repository/Make Appointment Page/btn_Book Appointment' located by 'By.xpath: //*[@id = 'btn-book-appointment']' not found]]></system-out>
      <system-err><![CDATA[2017-10-10 17:56:42 - [TEST_SUITE][FAILED] - Data Driven Test Suite: Test Cases/Web Application/Data Driven Test case FAILED because (of) com.kms.katalon.core.webui.exception.WebElementNotFoundException: Web element with id: 'Object Repository/Make Appointment Page/btn_Book Appointment' located by 'By.xpath: //*[@id = 'btn-book-appointment']' not found]]></system-err>
   </testsuite>
</testsuites>
